#
# There is insufficient memory for the Java Runtime Environment to continue.
# Native memory allocation (mmap) failed to map 65536 bytes for Failed to commit metaspace.
# Possible reasons:
#   The system is out of physical RAM or swap space
#   The process is running with CompressedOops enabled, and the Java Heap may be blocking the growth of the native heap
# Possible solutions:
#   Reduce memory load on the system
#   Increase physical memory or swap space
#   Check if swap backing store is full
#   Decrease Java heap size (-Xmx/-Xms)
#   Decrease number of Java threads
#   Decrease Java thread stack sizes (-Xss)
#   Set larger code cache with -XX:ReservedCodeCacheSize=
#   JVM is running with Unscaled Compressed Oops mode in which the Java heap is
#     placed in the first 4GB address space. The Java Heap base address is the
#     maximum limit for the native heap growth. Please use -XX:HeapBaseMinAddress
#     to set the Java Heap base and to place the Java Heap above 4GB virtual address.
# This output file may be truncated or incomplete.
#
#  Out of Memory Error (virtualSpaceNode.cpp:110), pid=7352, tid=15252
#
# JRE version: OpenJDK Runtime Environment Temurin-17.0.6+10 (17.0.6+10) (build 17.0.6+10)
# Java VM: OpenJDK 64-Bit Server VM Temurin-17.0.6+10 (17.0.6+10, mixed mode, emulated-client, tiered, compressed oops, compressed class ptrs, g1 gc, windows-amd64)
# No core dump will be written. Minidumps are not enabled by default on client versions of Windows
#

---------------  S U M M A R Y ------------

Command Line: -XX:+HeapDumpOnOutOfMemoryError -Xmx1024m -Dsts.lsp.client=vscode -Dsts.log.file=/dev/null -XX:TieredStopAtLevel=1 -Xlog:jni+resolve=off -Dspring.config.location=file:c:\Users\a-rac\.vscode\extensions\vmware.vscode-spring-boot-1.45.0\language-server\BOOT-INF\classes\application.properties org.springframework.ide.vscode.boot.app.BootLanguageServerBootApp

Host: Intel(R) Celeron(R) N4020 CPU @ 1.10GHz, 2 cores, 3G,  Windows 11 , 64 bit Build 22621 (10.0.22621.1344)
Time: Fri Mar 31 14:39:18 2023 Hora estándar central (México) elapsed time: 11.788324 seconds (0d 0h 0m 11s)

---------------  T H R E A D  ---------------

Current thread (0x00000234e9b949d0):  JavaThread "main" [_thread_in_vm, id=15252, stack(0x000000f888000000,0x000000f888100000)]

Stack: [0x000000f888000000,0x000000f888100000]
Native frames: (J=compiled Java code, j=interpreted, Vv=VM code, C=native code)
V  [jvm.dll+0x67741a]
V  [jvm.dll+0x834434]
V  [jvm.dll+0x835bde]
V  [jvm.dll+0x836243]
V  [jvm.dll+0x2457b5]
V  [jvm.dll+0x8304cb]
V  [jvm.dll+0x61bca6]
V  [jvm.dll+0x1c05fe]
V  [jvm.dll+0x61e5f1]
V  [jvm.dll+0x61c646]
V  [jvm.dll+0x626487]
V  [jvm.dll+0x1ea42b]
V  [jvm.dll+0x1ea965]
V  [jvm.dll+0x1eb39f]
V  [jvm.dll+0x1e0841]
V  [jvm.dll+0x53c6d0]
V  [jvm.dll+0x7af5e8]
V  [jvm.dll+0x7af6d4]
V  [jvm.dll+0x40bc05]
V  [jvm.dll+0x411d58]
C  [java.dll+0x17ec]

Java frames: (J=compiled Java code, j=interpreted, Vv=VM code)
J 688  java.lang.ClassLoader.defineClass1(Ljava/lang/ClassLoader;Ljava/lang/String;[BIILjava/security/ProtectionDomain;Ljava/lang/String;)Ljava/lang/Class; java.base@17.0.6 (0 bytes) @ 0x00000234ecab2bdb [0x00000234ecab2b20+0x00000000000000bb]
J 811 c1 java.lang.ClassLoader.defineClass(Ljava/lang/String;[BIILjava/security/ProtectionDomain;)Ljava/lang/Class; java.base@17.0.6 (43 bytes) @ 0x00000234ecadf6dc [0x00000234ecadf5e0+0x00000000000000fc]
J 674 c1 jdk.internal.loader.BuiltinClassLoader.defineClass(Ljava/lang/String;Ljdk/internal/loader/Resource;)Ljava/lang/Class; java.base@17.0.6 (121 bytes) @ 0x00000234ecaac744 [0x00000234ecaac2a0+0x00000000000004a4]
J 673 c1 jdk.internal.loader.BuiltinClassLoader.findClassOnClassPathOrNull(Ljava/lang/String;)Ljava/lang/Class; java.base@17.0.6 (64 bytes) @ 0x00000234ecaab6c4 [0x00000234ecaab420+0x00000000000002a4]
J 600 c1 jdk.internal.loader.BuiltinClassLoader.loadClassOrNull(Ljava/lang/String;Z)Ljava/lang/Class; java.base@17.0.6 (143 bytes) @ 0x00000234eca856c4 [0x00000234eca85280+0x0000000000000444]
J 619 c1 jdk.internal.loader.ClassLoaders$AppClassLoader.loadClass(Ljava/lang/String;Z)Ljava/lang/Class; java.base@17.0.6 (40 bytes) @ 0x00000234eca94ba4 [0x00000234eca94a60+0x0000000000000144]
J 618 c1 java.lang.ClassLoader.loadClass(Ljava/lang/String;)Ljava/lang/Class; java.base@17.0.6 (7 bytes) @ 0x00000234eca8d764 [0x00000234eca8d720+0x0000000000000044]
v  ~StubRoutines::call_stub
j  com.google.common.cache.CacheBuilder.build()Lcom/google/common/cache/Cache;+8
j  org.springframework.ide.vscode.boot.metadata.SpringPropertiesIndexManager.<init>(Lorg/springframework/ide/vscode/boot/metadata/ValueProviderRegistry;Lorg/springframework/ide/vscode/commons/languageserver/java/ProjectObserver;Lorg/springframework/ide/vscode/commons/util/FileObserver;)V+13
j  org.springframework.ide.vscode.boot.metadata.DefaultSpringPropertyIndexProvider.<init>(Lorg/springframework/ide/vscode/commons/languageserver/java/JavaProjectFinder;Lorg/springframework/ide/vscode/commons/languageserver/java/ProjectObserver;Lorg/springframework/ide/vscode/commons/languageserver/util/SimpleLanguageServer;Lorg/springframework/ide/vscode/boot/metadata/ValueProviderRegistry;Lorg/springframework/ide/vscode/boot/app/BootJavaConfig;)V+36
j  org.springframework.ide.vscode.boot.app.BootLanguageServerParams.createDefault(Lorg/springframework/ide/vscode/commons/languageserver/util/SimpleLanguageServer;Lorg/springframework/ide/vscode/boot/metadata/ValueProviderRegistry;Lorg/springframework/ide/vscode/boot/jdt/ls/JavaProjectsService;Lorg/springframework/ide/vscode/boot/app/BootJavaConfig;)Lorg/springframework/ide/vscode/boot/app/BootLanguageServerParams;+9
j  org.springframework.ide.vscode.boot.app.BootLanguageServerBootApp.serverParams(Lorg/springframework/ide/vscode/commons/languageserver/util/SimpleLanguageServer;Lorg/springframework/ide/vscode/boot/metadata/ValueProviderRegistry;Lorg/springframework/ide/vscode/boot/jdt/ls/JavaProjectsService;Lorg/springframework/ide/vscode/boot/app/BootJavaConfig;)Lorg/springframework/ide/vscode/boot/app/BootLanguageServerParams;+5
v  ~StubRoutines::call_stub
j  jdk.internal.reflect.NativeMethodAccessorImpl.invoke0(Ljava/lang/reflect/Method;Ljava/lang/Object;[Ljava/lang/Object;)Ljava/lang/Object;+0 java.base@17.0.6
j  jdk.internal.reflect.NativeMethodAccessorImpl.invoke(Ljava/lang/Object;[Ljava/lang/Object;)Ljava/lang/Object;+133 java.base@17.0.6
j  jdk.internal.reflect.DelegatingMethodAccessorImpl.invoke(Ljava/lang/Object;[Ljava/lang/Object;)Ljava/lang/Object;+6 java.base@17.0.6
j  java.lang.reflect.Method.invoke(Ljava/lang/Object;[Ljava/lang/Object;)Ljava/lang/Object;+59 java.base@17.0.6
j  org.springframework.beans.factory.support.SimpleInstantiationStrategy.instantiate(Lorg/springframework/beans/factory/support/RootBeanDefinition;Ljava/lang/String;Lorg/springframework/beans/factory/BeanFactory;Ljava/lang/Object;Ljava/lang/reflect/Method;[Ljava/lang/Object;)Ljava/lang/Object;+30
j  org.springframework.beans.factory.support.ConstructorResolver.instantiate(Ljava/lang/String;Lorg/springframework/beans/factory/support/RootBeanDefinition;Ljava/lang/Object;Ljava/lang/reflect/Method;[Ljava/lang/Object;)Ljava/lang/Object;+18
j  org.springframework.beans.factory.support.ConstructorResolver.instantiateUsingFactoryMethod(Ljava/lang/String;Lorg/springframework/beans/factory/support/RootBeanDefinition;[Ljava/lang/Object;)Lorg/springframework/beans/BeanWrapper;+1425
j  org.springframework.beans.factory.support.AbstractAutowireCapableBeanFactory.instantiateUsingFactoryMethod(Ljava/lang/String;Lorg/springframework/beans/factory/support/RootBeanDefinition;[Ljava/lang/Object;)Lorg/springframework/beans/BeanWrapper;+11
j  org.springframework.beans.factory.support.AbstractAutowireCapableBeanFactory.createBeanInstance(Ljava/lang/String;Lorg/springframework/beans/factory/support/RootBeanDefinition;[Ljava/lang/Object;)Lorg/springframework/beans/BeanWrapper;+88
j  org.springframework.beans.factory.support.AbstractAutowireCapableBeanFactory.doCreateBean(Ljava/lang/String;Lorg/springframework/beans/factory/support/RootBeanDefinition;[Ljava/lang/Object;)Ljava/lang/Object;+34
j  org.springframework.beans.factory.support.AbstractAutowireCapableBeanFactory.createBean(Ljava/lang/String;Lorg/springframework/beans/factory/support/RootBeanDefinition;[Ljava/lang/Object;)Ljava/lang/Object;+153
j  org.springframework.beans.factory.support.AbstractBeanFactory.lambda$doGetBean$0(Ljava/lang/String;Lorg/springframework/beans/factory/support/RootBeanDefinition;[Ljava/lang/Object;)Ljava/lang/Object;+4
j  org.springframework.beans.factory.support.AbstractBeanFactory$$Lambda$337+0x00000001002d34e0.getObject()Ljava/lang/Object;+16
j  org.springframework.beans.factory.support.DefaultSingletonBeanRegistry.getSingleton(Ljava/lang/String;Lorg/springframework/beans/factory/ObjectFactory;)Ljava/lang/Object;+114
j  org.springframework.beans.factory.support.AbstractBeanFactory.doGetBean(Ljava/lang/String;Ljava/lang/Class;[Ljava/lang/Object;Z)Ljava/lang/Object;+429
j  org.springframework.beans.factory.support.AbstractBeanFactory.getBean(Ljava/lang/String;)Ljava/lang/Object;+5
j  org.springframework.beans.factory.config.DependencyDescriptor.resolveCandidate(Ljava/lang/String;Ljava/lang/Class;Lorg/springframework/beans/factory/BeanFactory;)Ljava/lang/Object;+2
j  org.springframework.beans.factory.support.DefaultListableBeanFactory.doResolveDependency(Lorg/springframework/beans/factory/config/DependencyDescriptor;Ljava/lang/String;Ljava/util/Set;Lorg/springframework/beans/TypeConverter;)Ljava/lang/Object;+444
j  org.springframework.beans.factory.support.DefaultListableBeanFactory.resolveDependency(Lorg/springframework/beans/factory/config/DependencyDescriptor;Ljava/lang/String;Ljava/util/Set;Lorg/springframework/beans/TypeConverter;)Ljava/lang/Object;+107
j  org.springframework.beans.factory.annotation.AutowiredAnnotationBeanPostProcessor$AutowiredFieldElement.resolveFieldValue(Ljava/lang/reflect/Field;Ljava/lang/Object;Ljava/lang/String;)Ljava/lang/Object;+81
j  org.springframework.beans.factory.annotation.AutowiredAnnotationBeanPostProcessor$AutowiredFieldElement.inject(Ljava/lang/Object;Ljava/lang/String;Lorg/springframework/beans/PropertyValues;)V+53
j  org.springframework.beans.factory.annotation.InjectionMetadata.inject(Ljava/lang/Object;Ljava/lang/String;Lorg/springframework/beans/PropertyValues;)V+68
j  org.springframework.beans.factory.annotation.AutowiredAnnotationBeanPostProcessor.postProcessProperties(Lorg/springframework/beans/PropertyValues;Ljava/lang/Object;Ljava/lang/String;)Lorg/springframework/beans/PropertyValues;+17
j  org.springframework.beans.factory.support.AbstractAutowireCapableBeanFactory.populateBean(Ljava/lang/String;Lorg/springframework/beans/factory/support/RootBeanDefinition;Lorg/springframework/beans/BeanWrapper;)V+244
j  org.springframework.beans.factory.support.AbstractAutowireCapableBeanFactory.doCreateBean(Ljava/lang/String;Lorg/springframework/beans/factory/support/RootBeanDefinition;[Ljava/lang/Object;)Ljava/lang/Object;+220
j  org.springframework.beans.factory.support.AbstractAutowireCapableBeanFactory.createBean(Ljava/lang/String;Lorg/springframework/beans/factory/support/RootBeanDefinition;[Ljava/lang/Object;)Ljava/lang/Object;+153
j  org.springframework.beans.factory.support.AbstractBeanFactory.lambda$doGetBean$0(Ljava/lang/String;Lorg/springframework/beans/factory/support/RootBeanDefinition;[Ljava/lang/Object;)Ljava/lang/Object;+4
j  org.springframework.beans.factory.support.AbstractBeanFactory$$Lambda$337+0x00000001002d34e0.getObject()Ljava/lang/Object;+16
j  org.springframework.beans.factory.support.DefaultSingletonBeanRegistry.getSingleton(Ljava/lang/String;Lorg/springframework/beans/factory/ObjectFactory;)Ljava/lang/Object;+114
j  org.springframework.beans.factory.support.AbstractBeanFactory.doGetBean(Ljava/lang/String;Ljava/lang/Class;[Ljava/lang/Object;Z)Ljava/lang/Object;+429
j  org.springframework.beans.factory.support.AbstractBeanFactory.getBean(Ljava/lang/String;)Ljava/lang/Object;+5
j  org.springframework.beans.factory.support.DefaultListableBeanFactory.preInstantiateSingletons()V+152
j  org.springframework.context.support.AbstractApplicationContext.finishBeanFactoryInitialization(Lorg/springframework/beans/factory/config/ConfigurableListableBeanFactory;)V+130
j  org.springframework.context.support.AbstractApplicationContext.refresh()V+86
j  org.springframework.boot.SpringApplication.refresh(Lorg/springframework/context/ConfigurableApplicationContext;)V+1
j  org.springframework.boot.SpringApplication.refreshContext(Lorg/springframework/context/ConfigurableApplicationContext;)V+16
j  org.springframework.boot.SpringApplication.run([Ljava/lang/String;)Lorg/springframework/context/ConfigurableApplicationContext;+101
j  org.springframework.boot.SpringApplication.run([Ljava/lang/Class;[Ljava/lang/String;)Lorg/springframework/context/ConfigurableApplicationContext;+9
j  org.springframework.boot.SpringApplication.run(Ljava/lang/Class;[Ljava/lang/String;)Lorg/springframework/context/ConfigurableApplicationContext;+9
j  org.springframework.ide.vscode.boot.app.BootLanguageServerBootApp.main([Ljava/lang/String;)V+19
v  ~StubRoutines::call_stub

---------------  P R O C E S S  ---------------

Threads class SMR info:
_java_thread_list=0x00000234f60538c0, length=12, elements={
0x00000234e9b949d0, 0x00000234f3c9b030, 0x00000234f3c9baf0, 0x00000234f3cc44d0,
0x00000234f3cc4d90, 0x00000234f3cc7750, 0x00000234f3cc8100, 0x00000234f3cc8b60,
0x00000234f3cf7a00, 0x00000234f49b49f0, 0x00000234f49b7310, 0x00000234e9b95800
}

Java Threads: ( => current thread )
=>0x00000234e9b949d0 JavaThread "main" [_thread_in_vm, id=15252, stack(0x000000f888000000,0x000000f888100000)]
  0x00000234f3c9b030 JavaThread "Reference Handler" daemon [_thread_blocked, id=13668, stack(0x000000f888700000,0x000000f888800000)]
  0x00000234f3c9baf0 JavaThread "Finalizer" daemon [_thread_blocked, id=12928, stack(0x000000f888800000,0x000000f888900000)]
  0x00000234f3cc44d0 JavaThread "Signal Dispatcher" daemon [_thread_blocked, id=11296, stack(0x000000f888900000,0x000000f888a00000)]
  0x00000234f3cc4d90 JavaThread "Attach Listener" daemon [_thread_blocked, id=9728, stack(0x000000f888a00000,0x000000f888b00000)]
  0x00000234f3cc7750 JavaThread "Service Thread" daemon [_thread_blocked, id=5368, stack(0x000000f888b00000,0x000000f888c00000)]
  0x00000234f3cc8100 JavaThread "Monitor Deflation Thread" daemon [_thread_blocked, id=4916, stack(0x000000f888c00000,0x000000f888d00000)]
  0x00000234f3cc8b60 JavaThread "C1 CompilerThread0" daemon [_thread_blocked, id=7764, stack(0x000000f888d00000,0x000000f888e00000)]
  0x00000234f3cf7a00 JavaThread "Sweeper thread" daemon [_thread_blocked, id=15328, stack(0x000000f888e00000,0x000000f888f00000)]
  0x00000234f49b49f0 JavaThread "Notification Thread" daemon [_thread_blocked, id=7844, stack(0x000000f888f00000,0x000000f889000000)]
  0x00000234f49b7310 JavaThread "Common-Cleaner" daemon [_thread_blocked, id=6640, stack(0x000000f889100000,0x000000f889200000)]
  0x00000234e9b95800 JavaThread "C1 CompilerThread1" daemon [_thread_blocked, id=10032, stack(0x000000f889200000,0x000000f889300000)]

Other Threads:
  0x00000234f3c77fd0 VMThread "VM Thread" [stack: 0x000000f888600000,0x000000f888700000] [id=12608]
  0x00000234f49b6ed0 WatcherThread [stack: 0x000000f889000000,0x000000f889100000] [id=13216]
  0x00000234e9bcfcf0 GCTaskThread "GC Thread#0" [stack: 0x000000f888100000,0x000000f888200000] [id=12772]
  0x00000234f4bfd610 GCTaskThread "GC Thread#1" [stack: 0x000000f889300000,0x000000f889400000] [id=13332]
  0x00000234e9bd8c30 ConcurrentGCThread "G1 Main Marker" [stack: 0x000000f888200000,0x000000f888300000] [id=13820]
  0x00000234e9bda7b0 ConcurrentGCThread "G1 Conc#0" [stack: 0x000000f888300000,0x000000f888400000] [id=12568]
  0x00000234e9c0e470 ConcurrentGCThread "G1 Refine#0" [stack: 0x000000f888400000,0x000000f888500000] [id=1272]
  0x00000234e9c13400 ConcurrentGCThread "G1 Service" [stack: 0x000000f888500000,0x000000f888600000] [id=2328]

Threads with active compile tasks:

VM state: not at safepoint (normal execution)

VM Mutex/Monitor currently owned by a thread:  ([mutex/lock_event])
[0x00000234e7acc7f0] Metaspace_lock - owner thread: 0x00000234e9b949d0

Heap address: 0x00000000c0000000, size: 1024 MB, Compressed Oops mode: 32-bit

CDS archive(s) not mapped
Compressed class space mapped at: 0x0000000100000000-0x0000000140000000, reserved size: 1073741824
Narrow klass base: 0x0000000000000000, Narrow klass shift: 3, Narrow klass range: 0x140000000

GC Precious Log:
 CPUs: 2 total, 2 available
 Memory: 3918M
 Large Page Support: Disabled
 NUMA Support: Disabled
 Compressed Oops: Enabled (32-bit)
 Heap Region Size: 1M
 Heap Min Capacity: 8M
 Heap Initial Capacity: 62M
 Heap Max Capacity: 1G
 Pre-touch: Disabled
 Parallel Workers: 2
 Concurrent Workers: 1
 Concurrent Refinement Workers: 2
 Periodic GC: Disabled

Heap:
 garbage-first heap   total 48128K, used 27126K [0x00000000c0000000, 0x0000000100000000)
  region size 1024K, 18 young (18432K), 3 survivors (3072K)
 Metaspace       used 28538K, committed 28864K, reserved 1081344K
  class space    used 3617K, committed 3776K, reserved 1048576K

Heap Regions: E=young(eden), S=young(survivor), O=old, HS=humongous(starts), HC=humongous(continues), CS=collection set, F=free, OA=open archive, CA=closed archive, TAMS=top-at-mark-start (previous, next)
|   0|0x00000000c0000000, 0x00000000c0100000, 0x00000000c0100000|100%| O|  |TAMS 0x00000000c0100000, 0x00000000c0000000| Untracked 
|   1|0x00000000c0100000, 0x00000000c0200000, 0x00000000c0200000|100%| O|  |TAMS 0x00000000c0200000, 0x00000000c0100000| Untracked 
|   2|0x00000000c0200000, 0x00000000c0300000, 0x00000000c0300000|100%| O|  |TAMS 0x00000000c0300000, 0x00000000c0200000| Untracked 
|   3|0x00000000c0300000, 0x00000000c0400000, 0x00000000c0400000|100%| O|  |TAMS 0x00000000c0400000, 0x00000000c0300000| Untracked 
|   4|0x00000000c0400000, 0x00000000c0500000, 0x00000000c0500000|100%| O|  |TAMS 0x00000000c0500000, 0x00000000c0400000| Untracked 
|   5|0x00000000c0500000, 0x00000000c0600000, 0x00000000c0600000|100%| O|  |TAMS 0x00000000c0600000, 0x00000000c0500000| Untracked 
|   6|0x00000000c0600000, 0x00000000c0700000, 0x00000000c0700000|100%| O|  |TAMS 0x00000000c06cfe00, 0x00000000c0600000| Untracked 
|   7|0x00000000c0700000, 0x00000000c0800000, 0x00000000c0800000|100%| O|  |TAMS 0x00000000c0700000, 0x00000000c0700000| Untracked 
|   8|0x00000000c0800000, 0x00000000c0900000, 0x00000000c0900000|100%| O|  |TAMS 0x00000000c0800000, 0x00000000c0800000| Untracked 
|   9|0x00000000c0900000, 0x00000000c0a00000, 0x00000000c0a00000|100%| O|  |TAMS 0x00000000c0900000, 0x00000000c0900000| Untracked 
|  10|0x00000000c0a00000, 0x00000000c0ab1c00, 0x00000000c0b00000| 69%| O|  |TAMS 0x00000000c0a00000, 0x00000000c0a00000| Untracked 
|  11|0x00000000c0b00000, 0x00000000c0b00000, 0x00000000c0c00000|  0%| F|  |TAMS 0x00000000c0b00000, 0x00000000c0b00000| Untracked 
|  12|0x00000000c0c00000, 0x00000000c0c00000, 0x00000000c0d00000|  0%| F|  |TAMS 0x00000000c0c00000, 0x00000000c0c00000| Untracked 
|  13|0x00000000c0d00000, 0x00000000c0d00000, 0x00000000c0e00000|  0%| F|  |TAMS 0x00000000c0d00000, 0x00000000c0d00000| Untracked 
|  14|0x00000000c0e00000, 0x00000000c0e00000, 0x00000000c0f00000|  0%| F|  |TAMS 0x00000000c0e00000, 0x00000000c0e00000| Untracked 
|  15|0x00000000c0f00000, 0x00000000c0f00000, 0x00000000c1000000|  0%| F|  |TAMS 0x00000000c0f00000, 0x00000000c0f00000| Untracked 
|  16|0x00000000c1000000, 0x00000000c10cbf48, 0x00000000c1100000| 79%| S|CS|TAMS 0x00000000c1000000, 0x00000000c1000000| Complete 
|  17|0x00000000c1100000, 0x00000000c1200000, 0x00000000c1200000|100%| S|CS|TAMS 0x00000000c1100000, 0x00000000c1100000| Complete 
|  18|0x00000000c1200000, 0x00000000c1300000, 0x00000000c1300000|100%| S|CS|TAMS 0x00000000c1200000, 0x00000000c1200000| Complete 
|  19|0x00000000c1300000, 0x00000000c1300000, 0x00000000c1400000|  0%| F|  |TAMS 0x00000000c1300000, 0x00000000c1300000| Untracked 
|  20|0x00000000c1400000, 0x00000000c1400000, 0x00000000c1500000|  0%| F|  |TAMS 0x00000000c1400000, 0x00000000c1400000| Untracked 
|  21|0x00000000c1500000, 0x00000000c1500000, 0x00000000c1600000|  0%| F|  |TAMS 0x00000000c1500000, 0x00000000c1500000| Untracked 
|  22|0x00000000c1600000, 0x00000000c1600000, 0x00000000c1700000|  0%| F|  |TAMS 0x00000000c1600000, 0x00000000c1600000| Untracked 
|  23|0x00000000c1700000, 0x00000000c1700000, 0x00000000c1800000|  0%| F|  |TAMS 0x00000000c1700000, 0x00000000c1700000| Untracked 
|  24|0x00000000c1800000, 0x00000000c1800000, 0x00000000c1900000|  0%| F|  |TAMS 0x00000000c1800000, 0x00000000c1800000| Untracked 
|  25|0x00000000c1900000, 0x00000000c1900000, 0x00000000c1a00000|  0%| F|  |TAMS 0x00000000c1900000, 0x00000000c1900000| Untracked 
|  26|0x00000000c1a00000, 0x00000000c1a00000, 0x00000000c1b00000|  0%| F|  |TAMS 0x00000000c1a00000, 0x00000000c1a00000| Untracked 
|  27|0x00000000c1b00000, 0x00000000c1b00000, 0x00000000c1c00000|  0%| F|  |TAMS 0x00000000c1b00000, 0x00000000c1b00000| Untracked 
|  28|0x00000000c1c00000, 0x00000000c1c00000, 0x00000000c1d00000|  0%| F|  |TAMS 0x00000000c1c00000, 0x00000000c1c00000| Untracked 
|  29|0x00000000c1d00000, 0x00000000c1d00000, 0x00000000c1e00000|  0%| F|  |TAMS 0x00000000c1d00000, 0x00000000c1d00000| Untracked 
|  30|0x00000000c1e00000, 0x00000000c1e00000, 0x00000000c1f00000|  0%| F|  |TAMS 0x00000000c1e00000, 0x00000000c1e00000| Untracked 
|  31|0x00000000c1f00000, 0x00000000c1f00000, 0x00000000c2000000|  0%| F|  |TAMS 0x00000000c1f00000, 0x00000000c1f00000| Untracked 
|  32|0x00000000c2000000, 0x00000000c2054238, 0x00000000c2100000| 32%| E|  |TAMS 0x00000000c2000000, 0x00000000c2000000| Complete 
|  33|0x00000000c2100000, 0x00000000c2200000, 0x00000000c2200000|100%| E|CS|TAMS 0x00000000c2100000, 0x00000000c2100000| Complete 
|  34|0x00000000c2200000, 0x00000000c2300000, 0x00000000c2300000|100%| E|CS|TAMS 0x00000000c2200000, 0x00000000c2200000| Complete 
|  35|0x00000000c2300000, 0x00000000c2400000, 0x00000000c2400000|100%| E|CS|TAMS 0x00000000c2300000, 0x00000000c2300000| Complete 
|  36|0x00000000c2400000, 0x00000000c2500000, 0x00000000c2500000|100%| E|CS|TAMS 0x00000000c2400000, 0x00000000c2400000| Complete 
|  37|0x00000000c2500000, 0x00000000c2600000, 0x00000000c2600000|100%| E|CS|TAMS 0x00000000c2500000, 0x00000000c2500000| Complete 
|  38|0x00000000c2600000, 0x00000000c2700000, 0x00000000c2700000|100%| E|  |TAMS 0x00000000c2600000, 0x00000000c2600000| Complete 
|  39|0x00000000c2700000, 0x00000000c2800000, 0x00000000c2800000|100%| E|CS|TAMS 0x00000000c2700000, 0x00000000c2700000| Complete 
|  40|0x00000000c2800000, 0x00000000c2900000, 0x00000000c2900000|100%| E|CS|TAMS 0x00000000c2800000, 0x00000000c2800000| Complete 
|  41|0x00000000c2900000, 0x00000000c2a00000, 0x00000000c2a00000|100%| E|CS|TAMS 0x00000000c2900000, 0x00000000c2900000| Complete 
|  42|0x00000000c2a00000, 0x00000000c2b00000, 0x00000000c2b00000|100%| E|CS|TAMS 0x00000000c2a00000, 0x00000000c2a00000| Complete 
|  43|0x00000000c2b00000, 0x00000000c2c00000, 0x00000000c2c00000|100%| E|CS|TAMS 0x00000000c2b00000, 0x00000000c2b00000| Complete 
|  45|0x00000000c2d00000, 0x00000000c2e00000, 0x00000000c2e00000|100%| E|CS|TAMS 0x00000000c2d00000, 0x00000000c2d00000| Complete 
|  46|0x00000000c2e00000, 0x00000000c2f00000, 0x00000000c2f00000|100%| E|CS|TAMS 0x00000000c2e00000, 0x00000000c2e00000| Complete 
|  61|0x00000000c3d00000, 0x00000000c3e00000, 0x00000000c3e00000|100%| E|CS|TAMS 0x00000000c3d00000, 0x00000000c3d00000| Complete 

Card table byte_map: [0x00000234e97f0000,0x00000234e99f0000] _byte_map_base: 0x00000234e91f0000

Marking Bits (Prev, Next): (CMBitMap*) 0x00000234e9bd0340, (CMBitMap*) 0x00000234e9bd0300
 Prev Bits: [0x00000234f0a10000, 0x00000234f1a10000)
 Next Bits: [0x00000234efa10000, 0x00000234f0a10000)

Polling page: 0x00000234e9350000

Metaspace:

Usage:
  Non-class:     24.34 MB used.
      Class:      3.53 MB used.
       Both:     27.87 MB used.

Virtual space:
  Non-class space:       32.00 MB reserved,      24.50 MB ( 77%) committed,  4 nodes.
      Class space:        1.00 GB reserved,       3.69 MB ( <1%) committed,  1 nodes.
             Both:        1.03 GB reserved,      28.19 MB (  3%) committed. 

Chunk freelists:
   Non-Class:  3.05 MB
       Class:  352.00 KB
        Both:  3.39 MB

MaxMetaspaceSize: unlimited
CompressedClassSpaceSize: 1.00 GB
Initial GC threshold: 21.00 MB
Current GC threshold: 35.25 MB
CDS: off
MetaspaceReclaimPolicy: balanced
 - commit_granule_bytes: 65536.
 - commit_granule_words: 8192.
 - virtual_space_node_default_size: 1048576.
 - enlarge_chunks_in_place: 1.
 - new_chunks_are_fully_committed: 0.
 - uncommit_free_chunks: 1.
 - use_allocation_guard: 0.
 - handle_deallocations: 1.


Internal statistics:

num_allocs_failed_limit: 5.
num_arena_births: 376.
num_arena_deaths: 0.
num_vsnodes_births: 5.
num_vsnodes_deaths: 0.
num_space_committed: 451.
num_space_uncommitted: 0.
num_chunks_returned_to_freelist: 5.
num_chunks_taken_from_freelist: 1130.
num_chunk_merges: 5.
num_chunk_splits: 766.
num_chunks_enlarged: 560.
num_purges: 0.
num_inconsistent_stats: 0.

CodeCache: size=49152Kb used=5782Kb max_used=5782Kb free=43369Kb
 bounds [0x00000234ec810000, 0x00000234ecdc0000, 0x00000234ef810000]
 total_blobs=3203 nmethods=2693 adapters=437
 compilation: enabled
              stopped_count=0, restarted_count=0
 full_count=0

Compilation events (20 events):
Event: 11.583 Thread 0x00000234e9b95800 2684       1       java.util.ArrayDeque::<init> (14 bytes)
Event: 11.583 Thread 0x00000234e9b95800 nmethod 2684 0x00000234ecdb3110 code [0x00000234ecdb32a0, 0x00000234ecdb3458]
Event: 11.584 Thread 0x00000234f3cc8b60 2685       1       java.lang.ProcessEnvironment$CheckedKeySet::isEmpty (10 bytes)
Event: 11.585 Thread 0x00000234f3cc8b60 nmethod 2685 0x00000234ecdb3510 code [0x00000234ecdb36a0, 0x00000234ecdb3788]
Event: 11.585 Thread 0x00000234e9b95800 2686       1       java.lang.ProcessEnvironment$CheckedKeySet::size (10 bytes)
Event: 11.585 Thread 0x00000234e9b95800 nmethod 2686 0x00000234ecdb3810 code [0x00000234ecdb39a0, 0x00000234ecdb3a88]
Event: 11.586 Thread 0x00000234f3cc8b60 2687       1       java.lang.ProcessEnvironment$CheckedKeySet::iterator (10 bytes)
Event: 11.586 Thread 0x00000234f3cc8b60 nmethod 2687 0x00000234ecdb3b10 code [0x00000234ecdb3ca0, 0x00000234ecdb3d88]
Event: 11.628 Thread 0x00000234f3cc8b60 2688       1       java.lang.invoke.SimpleMethodHandle::make (10 bytes)
Event: 11.628 Thread 0x00000234e9b95800 2689       1       java.lang.invoke.SimpleMethodHandle::<init> (7 bytes)
Event: 11.629 Thread 0x00000234f3cc8b60 nmethod 2688 0x00000234ecdb3e10 code [0x00000234ecdb3fa0, 0x00000234ecdb40c8]
Event: 11.629 Thread 0x00000234e9b95800 nmethod 2689 0x00000234ecdb4190 code [0x00000234ecdb4320, 0x00000234ecdb4408]
Event: 11.629 Thread 0x00000234e9b95800 2690       1       java.lang.invoke.MethodHandleImpl$IntrinsicMethodHandle::<init> (25 bytes)
Event: 11.629 Thread 0x00000234e9b95800 nmethod 2690 0x00000234ecdb4490 code [0x00000234ecdb4640, 0x00000234ecdb4938]
Event: 11.632 Thread 0x00000234e9b95800 2691       1       java.lang.String::contains (19 bytes)
Event: 11.632 Thread 0x00000234e9b95800 nmethod 2691 0x00000234ecdb4a90 code [0x00000234ecdb4c40, 0x00000234ecdb4d58]
Event: 11.663 Thread 0x00000234f3cc8b60 2692       1       java.lang.invoke.MethodType::erase (8 bytes)
Event: 11.663 Thread 0x00000234f3cc8b60 nmethod 2692 0x00000234ecdb4e10 code [0x00000234ecdb4fa0, 0x00000234ecdb5078]
Event: 11.672 Thread 0x00000234f3cc8b60 2693       1       java.lang.PublicMethods$MethodList::getMostSpecific (63 bytes)
Event: 11.672 Thread 0x00000234f3cc8b60 nmethod 2693 0x00000234ecdb5110 code [0x00000234ecdb52c0, 0x00000234ecdb5448]

GC Heap History (14 events):
Event: 1.171 GC heap before
{Heap before GC invocations=0 (full 0):
 garbage-first heap   total 63488K, used 5120K [0x00000000c0000000, 0x0000000100000000)
  region size 1024K, 6 young (6144K), 0 survivors (0K)
 Metaspace       used 4219K, committed 4352K, reserved 1056768K
  class space    used 405K, committed 512K, reserved 1048576K
}
Event: 1.184 GC heap after
{Heap after GC invocations=1 (full 0):
 garbage-first heap   total 63488K, used 4232K [0x00000000c0000000, 0x0000000100000000)
  region size 1024K, 1 young (1024K), 1 survivors (1024K)
 Metaspace       used 4219K, committed 4352K, reserved 1056768K
  class space    used 405K, committed 512K, reserved 1048576K
}
Event: 1.469 GC heap before
{Heap before GC invocations=1 (full 0):
 garbage-first heap   total 63488K, used 6280K [0x00000000c0000000, 0x0000000100000000)
  region size 1024K, 4 young (4096K), 1 survivors (1024K)
 Metaspace       used 4297K, committed 4480K, reserved 1056768K
  class space    used 415K, committed 512K, reserved 1048576K
}
Event: 1.471 GC heap after
{Heap after GC invocations=2 (full 0):
 garbage-first heap   total 63488K, used 5397K [0x00000000c0000000, 0x0000000100000000)
  region size 1024K, 1 young (1024K), 1 survivors (1024K)
 Metaspace       used 4297K, committed 4480K, reserved 1056768K
  class space    used 415K, committed 512K, reserved 1048576K
}
Event: 3.461 GC heap before
{Heap before GC invocations=2 (full 0):
 garbage-first heap   total 63488K, used 12565K [0x00000000c0000000, 0x0000000100000000)
  region size 1024K, 8 young (8192K), 1 survivors (1024K)
 Metaspace       used 7496K, committed 7680K, reserved 1056768K
  class space    used 788K, committed 896K, reserved 1048576K
}
Event: 3.468 GC heap after
{Heap after GC invocations=3 (full 0):
 garbage-first heap   total 63488K, used 7324K [0x00000000c0000000, 0x0000000100000000)
  region size 1024K, 1 young (1024K), 1 survivors (1024K)
 Metaspace       used 7496K, committed 7680K, reserved 1056768K
  class space    used 788K, committed 896K, reserved 1048576K
}
Event: 4.638 GC heap before
{Heap before GC invocations=3 (full 0):
 garbage-first heap   total 63488K, used 17564K [0x00000000c0000000, 0x0000000100000000)
  region size 1024K, 11 young (11264K), 1 survivors (1024K)
 Metaspace       used 10968K, committed 11136K, reserved 1064960K
  class space    used 1312K, committed 1408K, reserved 1048576K
}
Event: 4.643 GC heap after
{Heap after GC invocations=4 (full 0):
 garbage-first heap   total 63488K, used 8436K [0x00000000c0000000, 0x0000000100000000)
  region size 1024K, 2 young (2048K), 2 survivors (2048K)
 Metaspace       used 10968K, committed 11136K, reserved 1064960K
  class space    used 1312K, committed 1408K, reserved 1048576K
}
Event: 7.171 GC heap before
{Heap before GC invocations=4 (full 0):
 garbage-first heap   total 63488K, used 36084K [0x00000000c0000000, 0x0000000100000000)
  region size 1024K, 29 young (29696K), 2 survivors (2048K)
 Metaspace       used 17535K, committed 17792K, reserved 1064960K
  class space    used 2209K, committed 2304K, reserved 1048576K
}
Event: 7.183 GC heap after
{Heap after GC invocations=5 (full 0):
 garbage-first heap   total 63488K, used 11071K [0x00000000c0000000, 0x0000000100000000)
  region size 1024K, 4 young (4096K), 4 survivors (4096K)
 Metaspace       used 17535K, committed 17792K, reserved 1064960K
  class space    used 2209K, committed 2304K, reserved 1048576K
}
Event: 7.689 GC heap before
{Heap before GC invocations=5 (full 0):
 garbage-first heap   total 63488K, used 24383K [0x00000000c0000000, 0x0000000100000000)
  region size 1024K, 19 young (19456K), 4 survivors (4096K)
 Metaspace       used 21340K, committed 21504K, reserved 1073152K
  class space    used 2627K, committed 2688K, reserved 1048576K
}
Event: 7.715 GC heap after
{Heap after GC invocations=6 (full 0):
 garbage-first heap   total 63488K, used 12280K [0x00000000c0000000, 0x0000000100000000)
  region size 1024K, 2 young (2048K), 2 survivors (2048K)
 Metaspace       used 21340K, committed 21504K, reserved 1073152K
  class space    used 2627K, committed 2688K, reserved 1048576K
}
Event: 10.397 GC heap before
{Heap before GC invocations=7 (full 0):
 garbage-first heap   total 48128K, used 37880K [0x00000000c0000000, 0x0000000100000000)
  region size 1024K, 28 young (28672K), 2 survivors (2048K)
 Metaspace       used 25422K, committed 25664K, reserved 1073152K
  class space    used 3168K, committed 3328K, reserved 1048576K
}
Event: 10.407 GC heap after
{Heap after GC invocations=8 (full 0):
 garbage-first heap   total 48128K, used 13814K [0x00000000c0000000, 0x0000000100000000)
  region size 1024K, 3 young (3072K), 3 survivors (3072K)
 Metaspace       used 25422K, committed 25664K, reserved 1073152K
  class space    used 3168K, committed 3328K, reserved 1048576K
}

Dll operation events (5 events):
Event: 0.022 Loaded shared library c:\Users\a-rac\.vscode\extensions\redhat.java-1.16.0-win32-x64\jre\17.0.6-win32-x86_64\bin\java.dll
Event: 0.446 Loaded shared library C:\Users\a-rac\.vscode\extensions\redhat.java-1.16.0-win32-x64\jre\17.0.6-win32-x86_64\bin\net.dll
Event: 0.454 Loaded shared library C:\Users\a-rac\.vscode\extensions\redhat.java-1.16.0-win32-x64\jre\17.0.6-win32-x86_64\bin\nio.dll
Event: 0.476 Loaded shared library C:\Users\a-rac\.vscode\extensions\redhat.java-1.16.0-win32-x64\jre\17.0.6-win32-x86_64\bin\zip.dll
Event: 1.616 Loaded shared library C:\Users\a-rac\.vscode\extensions\redhat.java-1.16.0-win32-x64\jre\17.0.6-win32-x86_64\bin\jimage.dll

Deoptimization events (2 events):
Event: 7.595 Thread 0x00000234e9b949d0 DEOPT PACKING pc=0x00000234eccaea99 sp=0x000000f8880fd570
Event: 7.595 Thread 0x00000234e9b949d0 DEOPT UNPACKING pc=0x00000234ec867124 sp=0x000000f8880fca50 mode 3

Classes unloaded (0 events):
No events

Classes redefined (0 events):
No events

Internal exceptions (20 events):
Event: 10.593 Thread 0x00000234e9b949d0 Exception <a 'java/lang/NoSuchMethodError'{0x00000000c2e7fbc8}: 'java.lang.Object java.lang.invoke.DirectMethodHandle$Holder.invokeSpecial(java.lang.Object, java.lang.Object, java.lang.Object, java.lang.Object, java.lang.Object, java.lang.Object, java.lang.Object, java.lang.Object, java.lang.Object)'> (0x00000000c2e7fbc8) 
thrown [s\src\hotspot\share\interpreter\linkResolver.cpp, line 759]
Event: 10.601 Thread 0x00000234e9b949d0 Exception <a 'java/lang/NoSuchMethodError'{0x00000000c2ea6800}: 'java.lang.Object java.lang.invoke.DirectMethodHandle$Holder.invokeSpecial(java.lang.Object, java.lang.Object, java.lang.Object, java.lang.Object, java.lang.Object, java.lang.Object, java.lang.Object, java.lang.Object, java.lang.Object, java.lang.Object, java.lang.Object, java.lang.Object, java.lang.Object, java.lang.Object)'> (0x00000000c2ea6800) 
thrown [s\src\hotspot\share\interpreter\linkResolver.cpp, line 759]
Event: 10.602 Thread 0x00000234e9b949d0 Exception <a 'java/lang/NoSuchMethodError'{0x00000000c2eab4d0}: 'java.lang.Object java.lang.invoke.Invokers$Holder.invoker(java.lang.Object, java.lang.Object, java.lang.Object, java.lang.Object, java.lang.Object, java.lang.Object, java.lang.Object, java.lang.Object, java.lang.Object, java.lang.Object, java.lang.Object, java.lang.Object, java.lang.Object, java.lang.Object)'> (0x00000000c2eab4d0) 
thrown [s\src\hotspot\share\interpreter\linkResolver.cpp, line 759]
Event: 10.602 Thread 0x00000234e9b949d0 Exception <a 'java/lang/NoSuchMethodError'{0x00000000c2eb1140}: 'java.lang.Object java.lang.invoke.DirectMethodHandle$Holder.invokeSpecial(java.lang.Object, java.lang.Object, java.lang.Object, java.lang.Object, java.lang.Object, java.lang.Object, java.lang.Object, java.lang.Object, java.lang.Object, java.lang.Object, java.lang.Object, java.lang.Object, java.lang.Object, java.lang.Object, java.lang.Object)'> (0x00000000c2eb1140) 
thrown [s\src\hotspot\share\interpreter\linkResolver.cpp, line 759]
Event: 10.610 Thread 0x00000234e9b949d0 Exception <a 'java/lang/NoSuchMethodError'{0x00000000c2ec0da8}: 'int java.lang.invoke.DirectMethodHandle$Holder.invokeVirtual(java.lang.Object, java.lang.Object, java.lang.Object)'> (0x00000000c2ec0da8) 
thrown [s\src\hotspot\share\interpreter\linkResolver.cpp, line 759]
Event: 10.611 Thread 0x00000234e9b949d0 Exception <a 'java/lang/NoSuchMethodError'{0x00000000c2ec5278}: 'int java.lang.invoke.DirectMethodHandle$Holder.invokeStaticInit(java.lang.Object, int, int)'> (0x00000000c2ec5278) 
thrown [s\src\hotspot\share\interpreter\linkResolver.cpp, line 759]
Event: 10.614 Thread 0x00000234e9b949d0 Exception <a 'java/lang/NoSuchMethodError'{0x00000000c2eccb60}: 'int java.lang.invoke.DirectMethodHandle$Holder.invokeStaticInit(java.lang.Object, long, long)'> (0x00000000c2eccb60) 
thrown [s\src\hotspot\share\interpreter\linkResolver.cpp, line 759]
Event: 10.614 Thread 0x00000234e9b949d0 Exception <a 'java/lang/NoSuchMethodError'{0x00000000c2ed39b0}: 'int java.lang.invoke.DirectMethodHandle$Holder.invokeStaticInit(java.lang.Object, float, float)'> (0x00000000c2ed39b0) 
thrown [s\src\hotspot\share\interpreter\linkResolver.cpp, line 759]
Event: 10.615 Thread 0x00000234e9b949d0 Exception <a 'java/lang/NoSuchMethodError'{0x00000000c2ede308}: 'int java.lang.invoke.DirectMethodHandle$Holder.invokeStaticInit(java.lang.Object, double, double)'> (0x00000000c2ede308) 
thrown [s\src\hotspot\share\interpreter\linkResolver.cpp, line 759]
Event: 10.616 Thread 0x00000234e9b949d0 Exception <a 'java/lang/NoSuchMethodError'{0x00000000c2ee28d8}: 'int java.lang.invoke.DirectMethodHandle$Holder.invokeStatic(java.lang.Object, long)'> (0x00000000c2ee28d8) 
thrown [s\src\hotspot\share\interpreter\linkResolver.cpp, line 759]
Event: 10.620 Thread 0x00000234e9b949d0 Exception <a 'java/lang/NoSuchMethodError'{0x00000000c2d07630}: 'int java.lang.invoke.DirectMethodHandle$Holder.invokeSpecial(java.lang.Object, java.lang.Object, int)'> (0x00000000c2d07630) 
thrown [s\src\hotspot\share\interpreter\linkResolver.cpp, line 759]
Event: 10.621 Thread 0x00000234e9b949d0 Exception <a 'java/lang/NoSuchMethodError'{0x00000000c2d0ef28}: 'int java.lang.invoke.Invokers$Holder.linkToTargetMethod(java.lang.Object, java.lang.Object)'> (0x00000000c2d0ef28) 
thrown [s\src\hotspot\share\interpreter\linkResolver.cpp, line 759]
Event: 10.660 Thread 0x00000234e9b949d0 Exception <a 'java/lang/NoSuchMethodError'{0x00000000c2de1ab0}: 'java.lang.Object java.lang.invoke.DirectMethodHandle$Holder.invokeSpecial(java.lang.Object, java.lang.Object, java.lang.Object, java.lang.Object, java.lang.Object, java.lang.Object, java.lang.Object, java.lang.Object, java.lang.Object, java.lang.Object)'> (0x00000000c2de1ab0) 
thrown [s\src\hotspot\share\interpreter\linkResolver.cpp, line 759]
Event: 10.661 Thread 0x00000234e9b949d0 Exception <a 'java/lang/NoSuchMethodError'{0x00000000c2de60b8}: 'java.lang.Object java.lang.invoke.Invokers$Holder.invoke_MT(java.lang.Object, java.lang.Object, java.lang.Object, java.lang.Object, java.lang.Object, java.lang.Object, java.lang.Object, java.lang.Object, java.lang.Object, java.lang.Object)'> (0x00000000c2de60b8) 
thrown [s\src\hotspot\share\interpreter\linkResolver.cpp, line 759]
Event: 10.684 Thread 0x00000234e9b949d0 Exception <a 'java/lang/NoSuchMethodError'{0x00000000c2b2c280}: 'java.lang.Object java.lang.invoke.DirectMethodHandle$Holder.invokeSpecial(java.lang.Object, java.lang.Object, int, java.lang.Object, java.lang.Object)'> (0x00000000c2b2c280) 
thrown [s\src\hotspot\share\interpreter\linkResolver.cpp, line 759]
Event: 10.684 Thread 0x00000234e9b949d0 Exception <a 'java/lang/NoSuchMethodError'{0x00000000c2b2ff28}: 'java.lang.Object java.lang.invoke.DelegatingMethodHandle$Holder.delegate(java.lang.Object, int, java.lang.Object, java.lang.Object)'> (0x00000000c2b2ff28) 
thrown [s\src\hotspot\share\interpreter\linkResolver.cpp, line 759]
Event: 10.689 Thread 0x00000234e9b949d0 Exception <a 'java/lang/NoSuchMethodError'{0x00000000c2b40db0}: 'int java.lang.invoke.Invokers$Holder.linkToTargetMethod(java.lang.Object, java.lang.Object, java.lang.Object)'> (0x00000000c2b40db0) 
thrown [s\src\hotspot\share\interpreter\linkResolver.cpp, line 759]
Event: 10.847 Thread 0x00000234e9b949d0 Exception <a 'java/lang/NoSuchMethodError'{0x00000000c29af428}: 'void java.lang.invoke.DirectMethodHandle$Holder.invokeSpecial(java.lang.Object, java.lang.Object, java.lang.Object, java.lang.Object, java.lang.Object, java.lang.Object)'> (0x00000000c29af428) 
thrown [s\src\hotspot\share\interpreter\linkResolver.cpp, line 759]
Event: 10.954 Thread 0x00000234e9b949d0 Exception <a 'java/lang/NoSuchMethodError'{0x00000000c2757a88}: 'java.lang.Object java.lang.invoke.DirectMethodHandle$Holder.invokeStaticInit(java.lang.Object, int, int, int, int)'> (0x00000000c2757a88) 
thrown [s\src\hotspot\share\interpreter\linkResolver.cpp, line 759]
Event: 11.089 Thread 0x00000234e9b949d0 Exception <a 'java/lang/NoSuchMethodError'{0x00000000c27a4878}: 'java.lang.Object java.lang.invoke.DirectMethodHandle$Holder.invokeStaticInit(java.lang.Object, java.lang.Object, int, int, int, int)'> (0x00000000c27a4878) 
thrown [s\src\hotspot\share\interpreter\linkResolver.cpp, line 759]

VM Operations (20 events):
Event: 7.726 Executing VM operation: G1Concurrent
Event: 7.729 Executing VM operation: G1Concurrent done
Event: 7.735 Executing VM operation: G1Concurrent
Event: 7.735 Executing VM operation: G1Concurrent done
Event: 7.776 Executing VM operation: HandshakeAllThreads
Event: 7.776 Executing VM operation: HandshakeAllThreads done
Event: 7.890 Executing VM operation: HandshakeAllThreads
Event: 7.891 Executing VM operation: HandshakeAllThreads done
Event: 7.918 Executing VM operation: HandshakeAllThreads
Event: 7.918 Executing VM operation: HandshakeAllThreads done
Event: 8.920 Executing VM operation: Cleanup
Event: 8.921 Executing VM operation: Cleanup done
Event: 9.942 Executing VM operation: Cleanup
Event: 9.942 Executing VM operation: Cleanup done
Event: 10.397 Executing VM operation: G1CollectForAllocation
Event: 10.407 Executing VM operation: G1CollectForAllocation done
Event: 10.635 Executing VM operation: HandshakeAllThreads
Event: 10.635 Executing VM operation: HandshakeAllThreads done
Event: 10.907 Executing VM operation: HandshakeAllThreads
Event: 10.907 Executing VM operation: HandshakeAllThreads done

Events (20 events):
Event: 11.222 loading class java/util/concurrent/CompletableFuture$AsynchronousCompletionTask done
Event: 11.222 loading class java/util/concurrent/ForkJoinTask
Event: 11.223 loading class java/util/concurrent/ForkJoinTask done
Event: 11.223 loading class java/util/concurrent/CompletableFuture$Completion done
Event: 11.287 loading class java/io/StringWriter
Event: 11.287 loading class java/io/StringWriter done
Event: 11.458 loading class jdk/internal/reflect/UnsafeObjectFieldAccessorImpl
Event: 11.460 loading class jdk/internal/reflect/UnsafeObjectFieldAccessorImpl done
Event: 11.659 loading class java/util/concurrent/atomic/AtomicIntegerFieldUpdater
Event: 11.659 loading class java/util/concurrent/atomic/AtomicIntegerFieldUpdater done
Event: 11.659 loading class java/util/concurrent/atomic/AtomicIntegerFieldUpdater$AtomicIntegerFieldUpdaterImpl
Event: 11.659 loading class java/util/concurrent/atomic/AtomicIntegerFieldUpdater$AtomicIntegerFieldUpdaterImpl done
Event: 11.660 loading class java/util/concurrent/atomic/AtomicIntegerFieldUpdater$AtomicIntegerFieldUpdaterImpl$1
Event: 11.660 loading class java/util/concurrent/atomic/AtomicIntegerFieldUpdater$AtomicIntegerFieldUpdaterImpl$1 done
Event: 11.663 loading class java/util/concurrent/CompletableFuture$UniHandle
Event: 11.663 loading class java/util/concurrent/CompletableFuture$UniCompletion
Event: 11.663 loading class java/util/concurrent/CompletableFuture$UniCompletion done
Event: 11.663 loading class java/util/concurrent/CompletableFuture$UniHandle done
Event: 11.663 loading class java/util/concurrent/ForkJoinTask$Aux
Event: 11.663 loading class java/util/concurrent/ForkJoinTask$Aux done


Dynamic libraries:
0x00007ff68bc90000 - 0x00007ff68bc9e000 	c:\Users\a-rac\.vscode\extensions\redhat.java-1.16.0-win32-x64\jre\17.0.6-win32-x86_64\bin\java.exe
0x00007ffa998b0000 - 0x00007ffa99ac4000 	C:\WINDOWS\SYSTEM32\ntdll.dll
0x00007ffa97aa0000 - 0x00007ffa97b63000 	C:\WINDOWS\System32\KERNEL32.DLL
0x00007ffa97090000 - 0x00007ffa9742c000 	C:\WINDOWS\System32\KERNELBASE.dll
0x00007ffa974b0000 - 0x00007ffa975c1000 	C:\WINDOWS\System32\ucrtbase.dll
0x00007ffa82740000 - 0x00007ffa82757000 	c:\Users\a-rac\.vscode\extensions\redhat.java-1.16.0-win32-x64\jre\17.0.6-win32-x86_64\bin\jli.dll
0x00007ffa82720000 - 0x00007ffa82739000 	c:\Users\a-rac\.vscode\extensions\redhat.java-1.16.0-win32-x64\jre\17.0.6-win32-x86_64\bin\VCRUNTIME140.dll
0x00007ffa97e60000 - 0x00007ffa9800d000 	C:\WINDOWS\System32\USER32.dll
0x00007ffa975d0000 - 0x00007ffa975f6000 	C:\WINDOWS\System32\win32u.dll
0x00007ffa98350000 - 0x00007ffa98379000 	C:\WINDOWS\System32\GDI32.dll
0x00007ffa96f70000 - 0x00007ffa97083000 	C:\WINDOWS\System32\gdi32full.dll
0x00007ffa80020000 - 0x00007ffa802ae000 	C:\WINDOWS\WinSxS\amd64_microsoft.windows.common-controls_6595b64144ccf1df_6.0.22621.608_none_a9444ca7c10bb01d\COMCTL32.dll
0x00007ffa96ed0000 - 0x00007ffa96f6a000 	C:\WINDOWS\System32\msvcp_win.dll
0x00007ffa983e0000 - 0x00007ffa98487000 	C:\WINDOWS\System32\msvcrt.dll
0x00007ffa99290000 - 0x00007ffa992c1000 	C:\WINDOWS\System32\IMM32.DLL
0x00007ffa91c80000 - 0x00007ffa91c8c000 	c:\Users\a-rac\.vscode\extensions\redhat.java-1.16.0-win32-x64\jre\17.0.6-win32-x86_64\bin\vcruntime140_1.dll
0x00007ffa65e50000 - 0x00007ffa65ee1000 	c:\Users\a-rac\.vscode\extensions\redhat.java-1.16.0-win32-x64\jre\17.0.6-win32-x86_64\bin\msvcp140.dll
0x00007ffa35ae0000 - 0x00007ffa36727000 	c:\Users\a-rac\.vscode\extensions\redhat.java-1.16.0-win32-x64\jre\17.0.6-win32-x86_64\bin\server\jvm.dll
0x00007ffa982a0000 - 0x00007ffa9834e000 	C:\WINDOWS\System32\ADVAPI32.dll
0x00007ffa98010000 - 0x00007ffa980b4000 	C:\WINDOWS\System32\sechost.dll
0x00007ffa992d0000 - 0x00007ffa993e5000 	C:\WINDOWS\System32\RPCRT4.dll
0x00007ffa76540000 - 0x00007ffa76549000 	C:\WINDOWS\SYSTEM32\WSOCK32.dll
0x00007ffa984a0000 - 0x00007ffa98511000 	C:\WINDOWS\System32\WS2_32.dll
0x00007ffa8f760000 - 0x00007ffa8f794000 	C:\WINDOWS\SYSTEM32\WINMM.dll
0x00007ffa8f670000 - 0x00007ffa8f67a000 	C:\WINDOWS\SYSTEM32\VERSION.dll
0x00007ffa95d00000 - 0x00007ffa95d18000 	C:\WINDOWS\SYSTEM32\kernel.appcore.dll
0x00007ffa90c80000 - 0x00007ffa90c8a000 	c:\Users\a-rac\.vscode\extensions\redhat.java-1.16.0-win32-x64\jre\17.0.6-win32-x86_64\bin\jimage.dll
0x00007ffa94630000 - 0x00007ffa9485e000 	C:\WINDOWS\SYSTEM32\DBGHELP.DLL
0x00007ffa98f00000 - 0x00007ffa99289000 	C:\WINDOWS\System32\combase.dll
0x00007ffa980e0000 - 0x00007ffa981b7000 	C:\WINDOWS\System32\OLEAUT32.dll
0x00007ffa7a500000 - 0x00007ffa7a532000 	C:\WINDOWS\SYSTEM32\dbgcore.DLL
0x00007ffa97430000 - 0x00007ffa974ab000 	C:\WINDOWS\System32\bcryptPrimitives.dll
0x00007ffa76670000 - 0x00007ffa76695000 	c:\Users\a-rac\.vscode\extensions\redhat.java-1.16.0-win32-x64\jre\17.0.6-win32-x86_64\bin\java.dll
0x00007ffa826b0000 - 0x00007ffa826c8000 	c:\Users\a-rac\.vscode\extensions\redhat.java-1.16.0-win32-x64\jre\17.0.6-win32-x86_64\bin\zip.dll
0x00007ffa98710000 - 0x00007ffa98f00000 	C:\WINDOWS\System32\SHELL32.dll
0x00007ffa94cb0000 - 0x00007ffa9557e000 	C:\WINDOWS\SYSTEM32\windows.storage.dll
0x00007ffa94b70000 - 0x00007ffa94cae000 	C:\WINDOWS\SYSTEM32\wintypes.dll
0x00007ffa977d0000 - 0x00007ffa978c1000 	C:\WINDOWS\System32\SHCORE.dll
0x00007ffa98240000 - 0x00007ffa9829e000 	C:\WINDOWS\System32\shlwapi.dll
0x00007ffa96c20000 - 0x00007ffa96c41000 	C:\WINDOWS\SYSTEM32\profapi.dll
0x00007ffa76000000 - 0x00007ffa76019000 	C:\Users\a-rac\.vscode\extensions\redhat.java-1.16.0-win32-x64\jre\17.0.6-win32-x86_64\bin\net.dll
0x00007ffa8eae0000 - 0x00007ffa8ec0f000 	C:\WINDOWS\SYSTEM32\WINHTTP.dll
0x00007ffa96170000 - 0x00007ffa961d9000 	C:\WINDOWS\system32\mswsock.dll
0x00007ffa6f1d0000 - 0x00007ffa6f1e5000 	C:\Users\a-rac\.vscode\extensions\redhat.java-1.16.0-win32-x64\jre\17.0.6-win32-x86_64\bin\nio.dll
0x00007ffa96410000 - 0x00007ffa9642b000 	C:\WINDOWS\SYSTEM32\CRYPTSP.dll
0x00007ffa95c70000 - 0x00007ffa95ca5000 	C:\WINDOWS\system32\rsaenh.dll
0x00007ffa96290000 - 0x00007ffa962b8000 	C:\WINDOWS\SYSTEM32\USERENV.dll
0x00007ffa965d0000 - 0x00007ffa965f8000 	C:\WINDOWS\SYSTEM32\bcrypt.dll
0x00007ffa96430000 - 0x00007ffa9643c000 	C:\WINDOWS\SYSTEM32\CRYPTBASE.dll
0x00007ffa95810000 - 0x00007ffa9583d000 	C:\WINDOWS\SYSTEM32\IPHLPAPI.DLL
0x00007ffa98380000 - 0x00007ffa98389000 	C:\WINDOWS\System32\NSI.dll
0x00007ffa8e950000 - 0x00007ffa8e969000 	C:\WINDOWS\SYSTEM32\dhcpcsvc6.DLL
0x00007ffa8e930000 - 0x00007ffa8e94f000 	C:\WINDOWS\SYSTEM32\dhcpcsvc.DLL
0x00007ffa95890000 - 0x00007ffa95983000 	C:\WINDOWS\SYSTEM32\DNSAPI.dll

dbghelp: loaded successfully - version: 4.0.5 - missing functions: none
symbol engine: initialized successfully - sym options: 0x614 - pdb path: .;c:\Users\a-rac\.vscode\extensions\redhat.java-1.16.0-win32-x64\jre\17.0.6-win32-x86_64\bin;C:\WINDOWS\SYSTEM32;C:\WINDOWS\WinSxS\amd64_microsoft.windows.common-controls_6595b64144ccf1df_6.0.22621.608_none_a9444ca7c10bb01d;c:\Users\a-rac\.vscode\extensions\redhat.java-1.16.0-win32-x64\jre\17.0.6-win32-x86_64\bin\server

VM Arguments:
jvm_args: -XX:+HeapDumpOnOutOfMemoryError -Xmx1024m -Dsts.lsp.client=vscode -Dsts.log.file=/dev/null -XX:TieredStopAtLevel=1 -Xlog:jni+resolve=off -Dspring.config.location=file:c:\Users\a-rac\.vscode\extensions\vmware.vscode-spring-boot-1.45.0\language-server\BOOT-INF\classes\application.properties 
java_command: org.springframework.ide.vscode.boot.app.BootLanguageServerBootApp
java_class_path (initial): c:\Users\a-rac\.vscode\extensions\vmware.vscode-spring-boot-1.45.0\language-server\BOOT-INF\classes;c:\Users\a-rac\.vscode\extensions\vmware.vscode-spring-boot-1.45.0\language-server\BOOT-INF\lib\annotations-24.0.1.jar;c:\Users\a-rac\.vscode\extensions\vmware.vscode-spring-boot-1.45.0\language-server\BOOT-INF\lib\ant-1.10.13.jar;c:\Users\a-rac\.vscode\extensions\vmware.vscode-spring-boot-1.45.0\language-server\BOOT-INF\lib\ant-launcher-1.10.13.jar;c:\Users\a-rac\.vscode\extensions\vmware.vscode-spring-boot-1.45.0\language-server\BOOT-INF\lib\antlr-runtime-3.5.3.jar;c:\Users\a-rac\.vscode\extensions\vmware.vscode-spring-boot-1.45.0\language-server\BOOT-INF\lib\antlr4-4.11.1.jar;c:\Users\a-rac\.vscode\extensions\vmware.vscode-spring-boot-1.45.0\language-server\BOOT-INF\lib\antlr4-runtime-4.11.1.jar;c:\Users\a-rac\.vscode\extensions\vmware.vscode-spring-boot-1.45.0\language-server\BOOT-INF\lib\asm-9.4.jar;c:\Users\a-rac\.vscode\extensions\vmware.vscode-spring-boot-1.45.0\language-server\BOOT-INF\lib\asm-analysis-9.4.jar;c:\Users\a-rac\.vscode\extensions\vmware.vscode-spring-boot-1.45.0\language-server\BOOT-INF\lib\asm-tree-9.4.jar;c:\Users\a-rac\.vscode\extensions\vmware.vscode-spring-boot-1.45.0\language-server\BOOT-INF\lib\asm-util-9.4.jar;c:\Users\a-rac\.vscode\extensions\vmware.vscode-spring-boot-1.45.0\language-server\BOOT-INF\lib\caffeine-3.1.2.jar;c:\Users\a-rac\.vscode\extensions\vmware.vscode-spring-boot-1.45.0\language-server\BOOT-INF\lib\checker-qual-3.12.0.jar;c:\Users\a-rac\.vscode\extensions\vmware.vscode-spring-boot-1.45.0\language-server\BOOT-INF\lib\classgraph-4.8.149.jar;c:\Users\a-rac\.vscode\extensions\vmware.vscode-spring-boot-1.45.0\language-server\BOOT-INF\lib\commons-codec-1.15.jar;c:\Users\a-rac\.vscode\extensions\vmware.vscode-spring-boot-1.45.0\language-server\BOOT-INF\lib\commons-compress-1.22.jar;c:\Users\a-rac\.vscode\extensions\vmware.vscode-spring-boot-1.45.0\language-server\BOOT-INF\lib\commons-io-2.4.jar;c:
Launcher Type: SUN_STANDARD

[Global flags]
     intx CICompilerCount                          = 2                                         {product} {ergonomic}
     uint ConcGCThreads                            = 1                                         {product} {ergonomic}
     uint G1ConcRefinementThreads                  = 2                                         {product} {ergonomic}
   size_t G1HeapRegionSize                         = 1048576                                   {product} {ergonomic}
    uintx GCDrainStackTargetSize                   = 64                                        {product} {ergonomic}
     bool HeapDumpOnOutOfMemoryError               = true                                   {manageable} {command line}
   size_t InitialHeapSize                          = 65011712                                  {product} {ergonomic}
   size_t MarkStackSize                            = 4194304                                   {product} {ergonomic}
   size_t MaxHeapSize                              = 1073741824                                {product} {command line}
   size_t MaxNewSize                               = 643825664                                 {product} {ergonomic}
   size_t MinHeapDeltaBytes                        = 1048576                                   {product} {ergonomic}
   size_t MinHeapSize                              = 8388608                                   {product} {ergonomic}
    uintx NonProfiledCodeHeapSize                  = 0                                      {pd product} {ergonomic}
     bool ProfileInterpreter                       = false                                  {pd product} {command line}
    uintx ProfiledCodeHeapSize                     = 0                                      {pd product} {ergonomic}
   size_t SoftMaxHeapSize                          = 1073741824                             {manageable} {ergonomic}
     intx TieredStopAtLevel                        = 1                                         {product} {command line}
     bool UseCompressedClassPointers               = true                           {product lp64_product} {ergonomic}
     bool UseCompressedOops                        = true                           {product lp64_product} {ergonomic}
     bool UseG1GC                                  = true                                      {product} {ergonomic}
     bool UseLargePagesIndividualAllocation        = false                                  {pd product} {ergonomic}

Logging:
Log output configuration:
 #0: stdout all=warning,jni+resolve=off uptime,level,tags
 #1: stderr all=off uptime,level,tags

Environment Variables:
JAVA_HOME=C:\Program Files\Java\jdk-17
PATH=C:\Program Files\Common Files\Oracle\Java\javapath;C:\WINDOWS\system32;C:\WINDOWS;C:\WINDOWS\System32\Wbem;C:\WINDOWS\System32\WindowsPowerShell\v1.0\;C:\WINDOWS\System32\OpenSSH\;C:\Program Files\dotnet\;C:\Program Files\Docker\Docker\resources\bin;C:\Program Files\Git\cmd;C:\Program Files\Java\jdk-17\bin;C:\Program Files\MySQL\MySQL Shell 8.0\bin\;C:\Users\a-rac\AppData\Local\Microsoft\WindowsApps;C:\Users\a-rac\AppData\Local\GitHubDesktop\bin;C:\Users\a-rac\.dotnet\tools;C:\Users\a-rac\AppData\Local\Programs\Microsoft VS Code\bin;C:\Program Files\JetBrains\PyCharm 2022.3.2\bin
USERNAME=a-rac
OS=Windows_NT
PROCESSOR_IDENTIFIER=Intel64 Family 6 Model 122 Stepping 8, GenuineIntel
TMP=C:\Users\a-rac\AppData\Local\Temp
TEMP=C:\Users\a-rac\AppData\Local\Temp



---------------  S Y S T E M  ---------------

OS:
 Windows 11 , 64 bit Build 22621 (10.0.22621.1344)
OS uptime: 0 days 7:28 hours
Hyper-V role detected

CPU: total 2 (initial active 2) (2 cores per cpu, 1 threads per core) family 6 model 122 stepping 8 microcode 0x1c, cx8, cmov, fxsr, mmx, 3dnowpref, sse, sse2, sse3, ssse3, sse4.1, sse4.2, popcnt, tsc, tscinvbit, aes, erms, clmul, sha, clflush, clflushopt, hv

Memory: 4k page, system-wide physical 3918M (283M free)
TotalPageFile size 10531M (AvailPageFile size 0M)
current process WorkingSet (physical memory assigned to process): 114M, peak: 114M
current process commit charge ("private bytes"): 144M, peak: 148M

vm_info: OpenJDK 64-Bit Server VM (17.0.6+10) for windows-amd64 JRE (17.0.6+10), built on Jan 18 2023 10:08:59 by "temurin" with MS VC++ 16.7 (VS2019)

END.
